<?xml version="1.0" encoding="UTF-8"?>
<!-- Generated by org.testng.reporters.JUnitXMLReporter -->
<testsuite ignored="2" hostname="DESKTOP-RSNG7DD" failures="0" tests="3" name="Test" time="3.765" errors="0" timestamp="2023-07-01T13:11:11 IST">
  <testcase classname="testClass.HomeTest" name="homeTest" time="1.782"/>
  <testcase classname="testClass.ProductTest" name="applyFilterValidation" time="1.01"/>
  <testcase classname="testClass.ProductTest" name="resetFilterValidation" time="0.719"/>
  <testcase classname="testClass.BaseTest" name="@AfterSuite tearDown" time="0.0">
    <ignored/>
  </testcase> <!-- @AfterSuite tearDown -->
  <testcase classname="testClass.BaseTest" name="@BeforeSuite initBrowser" time="0.0">
    <ignored/>
  </testcase> <!-- @BeforeSuite initBrowser -->
</testsuite> <!-- Test -->
