<?xml version="1.0" encoding="UTF-8"?>
<testng-results ignored="2" total="5" passed="3" failed="0" skipped="0">
  <reporter-output>
  </reporter-output>
  <suite started-at="2023-07-01T13:11:06 IST" name="Suite" finished-at="2023-07-01T13:11:10 IST" duration-ms="3765">
    <groups>
    </groups>
    <test started-at="2023-07-01T13:11:06 IST" name="Test" finished-at="2023-07-01T13:11:10 IST" duration-ms="3765">
      <class name="testClass.ProductTest">
        <test-method is-config="true" signature="createObject()[pri:0, instance:testClass.ProductTest@3e62d773]" started-at="2023-07-01T13:11:08 IST" name="createObject" finished-at="2023-07-01T13:11:08 IST" duration-ms="9" status="PASS">
          <reporter-output>
          </reporter-output>
        </test-method> <!-- createObject -->
        <test-method signature="applyFilterValidation()[pri:0, instance:testClass.ProductTest@3e62d773]" started-at="2023-07-01T13:11:08 IST" name="applyFilterValidation" finished-at="2023-07-01T13:11:09 IST" duration-ms="1010" status="PASS">
          <reporter-output>
          </reporter-output>
        </test-method> <!-- applyFilterValidation -->
        <test-method signature="resetFilterValidation()[pri:0, instance:testClass.ProductTest@3e62d773]" started-at="2023-07-01T13:11:09 IST" name="resetFilterValidation" finished-at="2023-07-01T13:11:10 IST" duration-ms="719" status="PASS">
          <reporter-output>
          </reporter-output>
        </test-method> <!-- resetFilterValidation -->
      </class> <!-- testClass.ProductTest -->
      <class name="testClass.HomeTest">
        <test-method is-config="true" signature="initBrowser()[pri:0, instance:testClass.HomeTest@376a0d86]" started-at="2023-07-01T13:10:47 IST" name="initBrowser" finished-at="2023-07-01T13:11:06 IST" duration-ms="18893" status="PASS">
          <reporter-output>
          </reporter-output>
        </test-method> <!-- initBrowser -->
        <test-method is-config="true" signature="createObject()[pri:0, instance:testClass.HomeTest@376a0d86]" started-at="2023-07-01T13:11:06 IST" name="createObject" finished-at="2023-07-01T13:11:06 IST" duration-ms="78" status="PASS">
          <reporter-output>
          </reporter-output>
        </test-method> <!-- createObject -->
        <test-method signature="homeTest()[pri:0, instance:testClass.HomeTest@376a0d86]" started-at="2023-07-01T13:11:06 IST" name="homeTest" finished-at="2023-07-01T13:11:08 IST" duration-ms="1782" status="PASS">
          <reporter-output>
          </reporter-output>
        </test-method> <!-- homeTest -->
        <test-method is-config="true" signature="tearDown()[pri:0, instance:testClass.HomeTest@376a0d86]" started-at="2023-07-01T13:11:11 IST" name="tearDown" finished-at="2023-07-01T13:11:11 IST" duration-ms="1" status="PASS">
          <reporter-output>
          </reporter-output>
        </test-method> <!-- tearDown -->
      </class> <!-- testClass.HomeTest -->
    </test> <!-- Test -->
  </suite> <!-- Suite -->
</testng-results>
